
Error on line 8: Experiment type Real-Time PCR is not valid.
Error on line 9: Experiment type Real-Time PCR is not valid.
Error on line 12: Experiment type Real-Time PCR is not valid.
Error on line 13: Experiment type Real-Time PCR is not valid.
Error on line 14: Experiment type Real-Time PCR is not valid.
Error on line 43: Experiment tissue NA is not valid.
Error on line 44: Experiment tissue NA is not valid.
Error on line 45: Experiment tissue NA is not valid.
Error on line 46: Experiment tissue NA is not valid.
Error on line 47: Experiment tissue NA is not valid.
Error on line 48: Experiment tissue NA is not valid.
Error on line 49: Experiment tissue NA is not valid.
Error on line 50: Experiment tissue NA is not valid.
Error on line 51: Experiment tissue NA is not valid.
Error on line 52: Experiment tissue NA is not valid.
Error on line 53: Experiment tissue NA is not valid.
Error on line 54: Experiment tissue NA is not valid.
Error on line 195: Transcription factor E2f is not valid.
Error on line 196: Transcription factor E2f is not valid.
Error on line 197: Transcription factor E2f is not valid.
Error on line 198: Transcription factor E2f is not valid.
Error on line 199: Transcription factor E2f is not valid.
Error on line 210: Transcription factor E2f is not valid.
Error on line 211: Transcription factor E2f is not valid.
Error on line 212: Transcription factor E2f is not valid.
Error on line 214: Experiment type Real-Time PCR is not valid.
Error on line 219: Experiment type Real-Time PCR is not valid.
Error on line 223: Transcription factor E2f is not valid.
Error on line 226: Transcription factor E2f3b is not valid.
Error on line 230: Transcription factor E2f3b is not valid.
Error on line 319: Transcription factor E2f is not valid.
Error on line 320: Transcription factor E2f is not valid.
Error on line 321: Transcription factor E2f is not valid.
Error on line 332: Transcription factor E2f is not valid.
Error on line 334: Experiment type qPCR after irradiation is not valid.
Error on line 347: No transcription factor.
Error on line 352: Species na is not valid.
Error on line 353: Species na is not valid.
Error on line 354: Species na is not valid.
Error on line 355: Species na is not valid.
Error on line 356: Species na is not valid.
Error on line 357: Species na is not valid.
Error on line 368: Experiment type Nuclear Run-Off Assay is not valid.
Error on line 369: Experiment type Nuclear Run-Off Assay is not valid.
Error on line 370: Experiment type Nuclear Run-Off Assay is not valid.
Error on line 371: Experiment type Nuclear Run-Off Assay is not valid.
Error on line 372: Transcription factor E2f is not valid.
Error on line 373: Transcription factor E2f is not valid.
Error on line 374: Transcription factor E2f is not valid.
Error on line 383: Transcription factor E2f is not valid.
Error on line 384: Transcription factor E2f is not valid.
Error on line 385: Transcription factor E2f is not valid.
Error on line 386: Transcription factor E2f is not valid.
Error on line 387: Transcription factor E2f is not valid.
Error on line 388: Experiment type Luciferase Assay with Mutagenesis is not valid.
Error on line 389: Experiment type Luciferase Assay with Mutagenesis is not valid.
Error on line 390: Experiment type Luciferase Assay with Mutagenesis is not valid.
Error on line 391: Experiment type Luciferase Assay with Mutagenesis is not valid.
Error on line 1137: Transcription factor E2f3b is not valid.
Error on line 1138: Transcription factor E2f3b is not valid.
Error on line 1139: Transcription factor E2f3b is not valid.
Error on line 1140: Transcription factor E2f3b is not valid.
Error on line 1141: Transcription factor E2f3b is not valid.
Error on line 1142: Transcription factor E2f3b is not valid.
Error on line 1143: Transcription factor E2f3b is not valid.
Error on line 1144: Transcription factor E2f3b is not valid.
Error on line 1145: Transcription factor E2f3b is not valid.
Error on line 1146: Transcription factor E2f3b is not valid.
Error on line 1147: Transcription factor E2f3b is not valid.
Error on line 1148: Transcription factor E2f3b is not valid.
Error on line 1149: Transcription factor E2f3b is not valid.
Error on line 1150: Transcription factor E2f3b is not valid.
Error on line 1151: Transcription factor E2f3b is not valid.
Error on line 1152: Transcription factor E2f3b is not valid.
Error on line 1153: Transcription factor E2f3b is not valid.
Error on line 1154: Transcription factor E2f3b is not valid.
Error on line 1155: Transcription factor E2f3b is not valid.
Error on line 1156: Transcription factor E2f3b is not valid.
Error on line 1157: Transcription factor E2f3b is not valid.
Error on line 1158: Transcription factor E2f3b is not valid.
Error on line 1159: Transcription factor E2f3b is not valid.
Error on line 1160: Transcription factor E2f3b is not valid.
Error on line 1161: Transcription factor E2f3b is not valid.
Error on line 1162: Transcription factor E2f3b is not valid.
Error on line 1163: Transcription factor E2f3b is not valid.
Error on line 1164: Transcription factor E2f3b is not valid.
Error on line 1165: Transcription factor E2f3b is not valid.
Error on line 1166: Transcription factor E2f3b is not valid.
Error on line 1167: Transcription factor E2f3b is not valid.
Error on line 1168: Transcription factor E2f3b is not valid.
Error on line 1169: Transcription factor E2f3b is not valid.
Error on line 1170: Transcription factor E2f3b is not valid.
Error on line 1171: Transcription factor E2f3b is not valid.
Error on line 1172: Transcription factor E2f3b is not valid.
Error on line 1173: Transcription factor E2f3b is not valid.
Error on line 1174: Transcription factor E2f3b is not valid.
Error on line 1175: Transcription factor E2f3b is not valid.
Error on line 1176: Transcription factor E2f3b is not valid.
Error on line 1177: Transcription factor E2f3b is not valid.
Error on line 1178: Transcription factor E2f3b is not valid.
Error on line 1179: Transcription factor E2f3b is not valid.
Error on line 1180: Transcription factor E2f3b is not valid.
Error on line 1181: Transcription factor E2f3b is not valid.
Error on line 1182: Transcription factor E2f3b is not valid.
Error on line 1183: Transcription factor E2f3b is not valid.
Error on line 1184: Transcription factor E2f3b is not valid.
Error on line 1185: Transcription factor E2f3b is not valid.
Error on line 1186: Transcription factor E2f3b is not valid.
Error on line 1187: Transcription factor E2f3b is not valid.
Error on line 1188: Transcription factor E2f3b is not valid.
Error on line 1189: Transcription factor E2f3b is not valid.
Error on line 1190: Transcription factor E2f3b is not valid.
Error on line 1191: Transcription factor E2f3b is not valid.
Error on line 1192: Transcription factor E2f3b is not valid.
Error on line 1193: Transcription factor E2f3b is not valid.
Error on line 1194: Transcription factor E2f3b is not valid.
Error on line 1195: Transcription factor E2f3b is not valid.
Error on line 1196: Transcription factor E2f3b is not valid.
Error on line 1197: Transcription factor E2f3b is not valid.
Error on line 1198: Transcription factor E2f3b is not valid.
Error on line 1199: Transcription factor E2f3b is not valid.
Error on line 1200: Transcription factor E2f3b is not valid.
Error on line 1201: Transcription factor E2f3b is not valid.
Error on line 1202: Transcription factor E2f3b is not valid.
Error on line 1203: Transcription factor E2f3b is not valid.
Error on line 1204: Transcription factor E2f3b is not valid.
Error on line 1205: Transcription factor E2f3b is not valid.
Error on line 1206: Transcription factor E2f3b is not valid.
Error on line 1207: Transcription factor E2f3b is not valid.
Error on line 1208: Transcription factor E2f3b is not valid.
Error on line 1209: Transcription factor E2f3b is not valid.
Error on line 1210: Transcription factor E2f3b is not valid.
Error on line 1211: Transcription factor E2f3b is not valid.
Error on line 1212: Transcription factor E2f3b is not valid.
Error on line 1213: Transcription factor E2f3b is not valid.
Error on line 1214: Transcription factor E2f3b is not valid.
Error on line 1215: Transcription factor E2f3b is not valid.
Error on line 1216: Transcription factor E2f3b is not valid.
Error on line 1217: Transcription factor E2f3b is not valid.
Error on line 1218: Transcription factor E2f3b is not valid.
Error on line 1219: Transcription factor E2f3b is not valid.
Error on line 1220: Transcription factor E2f3b is not valid.
Error on line 1221: Transcription factor E2f3b is not valid.
Error on line 1222: Transcription factor E2f3b is not valid.
Error on line 1223: Transcription factor E2f3b is not valid.
Error on line 1224: Transcription factor E2f3b is not valid.
Error on line 1225: Transcription factor E2f3b is not valid.
Error on line 1226: Transcription factor E2f3b is not valid.
Error on line 1227: Transcription factor E2f3b is not valid.
Error on line 1228: Transcription factor E2f3b is not valid.
Error on line 1229: Transcription factor E2f3b is not valid.
Error on line 1230: Transcription factor E2f3b is not valid.
Error on line 1231: Transcription factor E2f3b is not valid.
Error on line 1232: Transcription factor E2f3b is not valid.
Error on line 1233: Transcription factor E2f3b is not valid.
Error on line 1234: Transcription factor E2f3b is not valid.
Error on line 1235: Transcription factor E2f3b is not valid.
Error on line 1236: Transcription factor E2f3b is not valid.
Error on line 1237: Transcription factor E2f3b is not valid.
Error on line 1238: Transcription factor E2f3b is not valid.
Error on line 1239: Transcription factor E2f3b is not valid.
Error on line 1240: Transcription factor E2f3b is not valid.
Error on line 1241: Transcription factor E2f3b is not valid.
Error on line 1242: Transcription factor E2f3b is not valid.
Error on line 1243: Transcription factor E2f3b is not valid.
Error on line 1244: Transcription factor E2f3b is not valid.
Error on line 1245: Transcription factor E2f3b is not valid.
Error on line 1246: Transcription factor E2f3b is not valid.
Error on line 1247: Transcription factor E2f3b is not valid.
Error on line 1248: Transcription factor E2f3b is not valid.
Error on line 1249: Transcription factor E2f3b is not valid.
Error on line 1250: Transcription factor E2f3b is not valid.
Error on line 1251: Transcription factor E2f3b is not valid.
Error on line 1252: Transcription factor E2f3b is not valid.
Error on line 1253: Transcription factor E2f3b is not valid.
Error on line 1254: Transcription factor E2f3b is not valid.
Error on line 1255: Transcription factor E2f3b is not valid.
Error on line 1256: Transcription factor E2f3b is not valid.
Error on line 1257: Transcription factor E2f3b is not valid.
Error on line 1258: Transcription factor E2f3b is not valid.
Error on line 1259: Transcription factor E2f3b is not valid.
Error on line 1260: Transcription factor E2f3b is not valid.
Error on line 1261: Transcription factor E2f3b is not valid.
Error on line 1262: Transcription factor E2f3b is not valid.
Error on line 1263: Transcription factor E2f3b is not valid.
Error on line 1264: Transcription factor E2f3b is not valid.
Error on line 1265: Transcription factor E2f3b is not valid.
Error on line 1315: Transcription factor E2f3b is not valid.
Error on line 1316: Transcription factor E2f3b is not valid.
Error on line 1317: Transcription factor E2f3b is not valid.
Error on line 1318: Transcription factor E2f3b is not valid.
Error on line 1319: Transcription factor E2f3b is not valid.
Error on line 1320: Transcription factor E2f3b is not valid.
Error on line 1321: Transcription factor E2f3b is not valid.
Error on line 1322: Transcription factor E2f3b is not valid.
Error on line 1323: Transcription factor E2f3b is not valid.
Error on line 1324: Transcription factor E2f3b is not valid.
Error on line 1325: Transcription factor E2f3b is not valid.
Error on line 1326: Transcription factor E2f3b is not valid.
Error on line 1327: Transcription factor E2f3b is not valid.
Error on line 1328: Transcription factor E2f3b is not valid.
Error on line 1329: Transcription factor E2f3b is not valid.
Error on line 1348: Transcription factor E2f78 is not valid.
Error on line 1349: Transcription factor E2f78 is not valid.
Error on line 1350: Transcription factor E2f78 is not valid.
Error on line 1351: Transcription factor E2f78 is not valid.
Error on line 1352: Transcription factor E2f78 is not valid.
Error on line 1353: Transcription factor E2f78 is not valid.
Error on line 1354: Transcription factor E2f78 is not valid.
Error on line 1355: Transcription factor E2f78 is not valid.
Error on line 1356: Transcription factor E2f78 is not valid.
Error on line 1376: Transcription factor E2f78 is not valid.
Error on line 1377: Transcription factor E2f78 is not valid.
Error on line 1378: Transcription factor E2f78 is not valid.
Error on line 1379: Transcription factor E2f78 is not valid.
Error on line 1629: Transcription factor E2f3b is not valid.
Error on line 1630: Transcription factor E2f3b is not valid.
Error on line 1631: Transcription factor E2f3b is not valid.
Error on line 1632: Transcription factor E2f3b is not valid.
Error on line 1633: Transcription factor E2f3b is not valid.
Error on line 1634: Transcription factor E2f3b is not valid.
Error on line 1635: Transcription factor E2f3b is not valid.
Error on line 1636: Transcription factor E2f3b is not valid.
Error on line 1637: Transcription factor E2f3b is not valid.
Error on line 1638: Transcription factor E2f3b is not valid.
Error on line 1639: Transcription factor E2f3b is not valid.
Error on line 1640: Transcription factor E2f3b is not valid.
Error on line 1641: Transcription factor E2f3b is not valid.
Error on line 1642: Transcription factor E2f3b is not valid.
Error on line 1643: Transcription factor E2f3b is not valid.
Error on line 1644: Transcription factor E2f3b is not valid.
Error on line 1645: Transcription factor E2f3b is not valid.
Error on line 1646: Transcription factor E2f3b is not valid.
Error on line 1647: Transcription factor E2f3b is not valid.
Error on line 1648: Transcription factor E2f3b is not valid.
Error on line 1649: Transcription factor E2f3b is not valid.
Error on line 1650: Transcription factor E2f3b is not valid.
Error on line 1651: Transcription factor E2f3b is not valid.
Error on line 1652: Transcription factor E2f3b is not valid.
Error on line 1653: Transcription factor E2f3b is not valid.
Error on line 1654: Transcription factor E2f3b is not valid.
Error on line 1655: Transcription factor E2f3b is not valid.
Error on line 1656: Transcription factor E2f3b is not valid.
Added 34346/38632 entries. Ignored 243 errors and 4043 duplicates.