
Error on line 4: Experiment tissue NA is not valid.
Error on line 10: Experiment tissue Bone marow is not valid.
Error on line 12: Experiment tissue Mouth is not valid.
Error on line 31: Transcription factor RelB is not valid.
Error on line 32: Transcription factor RelB is not valid.
Error on line 33: Transcription factor RelB is not valid.
Error on line 34: Transcription factor RelB is not valid.
Error on line 35: Transcription factor RelB is not valid.
Error on line 36: Transcription factor RelB is not valid.
Error on line 37: Transcription factor RelB is not valid.
Error on line 38: Transcription factor RelB is not valid.
Error on line 39: Transcription factor RelB is not valid.
Error on line 40: Transcription factor RelB is not valid.
Error on line 41: Transcription factor RelB is not valid.
Error on line 42: Transcription factor RelB is not valid.
Error on line 43: Transcription factor RelB is not valid.
Error on line 44: Transcription factor RelB is not valid.
Error on line 45: Transcription factor RelB is not valid.
Error on line 46: Transcription factor RelB is not valid.
Error on line 47: Transcription factor RelB is not valid.
Error on line 48: Transcription factor RelB is not valid.
Error on line 49: Transcription factor RelB is not valid.
Error on line 50: Transcription factor RelB is not valid.
Error on line 51: Transcription factor RelB is not valid.
Error on line 52: Transcription factor RelB is not valid.
Error on line 53: Transcription factor RelB is not valid.
Error on line 54: Transcription factor RelB is not valid.
Error on line 55: Transcription factor RelB is not valid.
Error on line 56: Transcription factor RelB is not valid.
Error on line 57: Experiment tissue NA is not valid.
Error on line 58: Experiment tissue NA is not valid.
Error on line 59: Experiment tissue NA is not valid.
Error on line 60: Experiment tissue NA is not valid.
Error on line 61: Experiment tissue NA is not valid.
Error on line 62: Experiment tissue NA is not valid.
Error on line 63: Experiment tissue NA is not valid.
Added 27/63 entries. Ignored 36 errors and 0 duplicates.