
Error on line 4: Experiment tissue NA is not valid.
Error on line 52: Experiment tissue NA is not valid.
Error on line 53: Experiment tissue NA is not valid.
Error on line 84: Species rabbit is not valid.
Error on line 85: Experiment tissue NA is not valid.
Error on line 88: Species human,rat is not valid. You may have put more than one species in the same cell. This is not supported.
Error on line 89: Transcription factor STAT is not valid.
Error on line 94: Experiment type reporter is not valid.
Error on line 105: Experiment tissue NA is not valid.
Error on line 106: Experiment tissue NA is not valid.
Error on line 107: Species grivet (monkey) is not valid.
Error on line 108: Species grivet (monkey) is not valid.
Error on line 109: Species grivet (monkey) is not valid.
Error on line 121: Experiment type flow cytometry is not valid.
Error on line 125: Experiment type flow cytometry is not valid.
Error on line 126: Experiment tissue NA is not valid.
Error on line 128: Species human,mouse is not valid. You may have put more than one species in the same cell. This is not supported.
Error on line 129: Species human,mouse is not valid. You may have put more than one species in the same cell. This is not supported.
Error on line 130: Species human,mouse is not valid. You may have put more than one species in the same cell. This is not supported.
Error on line 131: Species human,mouse is not valid. You may have put more than one species in the same cell. This is not supported.
Error on line 132: Species human,mouse is not valid. You may have put more than one species in the same cell. This is not supported.
Error on line 133: Species human,mouse is not valid. You may have put more than one species in the same cell. This is not supported.
Error on line 138: Experiment tissue NA is not valid.
Error on line 139: Experiment tissue NA is not valid.
Error on line 140: Experiment tissue NA is not valid.
Error on line 141: Experiment tissue NA is not valid.
Error on line 142: Experiment tissue NA is not valid.
Error on line 144: Species grivet (monkey) is not valid.
Error on line 145: Species grivet (monkey) is not valid.
Error on line 146: Species grivet (monkey) is not valid.
Added 120/153 entries. Ignored 30 errors and 3 duplicates.